RUN	frontline.sample.BasicSimulation	basicsimulation	1617890764689	 	3.5.1
USER	Scenario Name	START	1617890768261
USER	Scenario Name	START	1617890768509
USER	Scenario Name	START	1617890768759
USER	Scenario Name	START	1617890769023
REQUEST		Init Request	1617890768761	1617890772665	OK	 
REQUEST		Init Request	1617890768511	1617890772663	OK	 
USER	Scenario Name	END	1617890772684
USER	Scenario Name	END	1617890772684
USER	Scenario Name	START	1617890772686
USER	Scenario Name	START	1617890772686
REQUEST		Init Request	1617890772687	1617890773340	OK	 
USER	Scenario Name	END	1617890773340
USER	Scenario Name	START	1617890773341
REQUEST		Init Request	1617890772688	1617890773370	OK	 
USER	Scenario Name	END	1617890773370
USER	Scenario Name	START	1617890773372
REQUEST		Init Request	1617890769026	1617890773667	OK	 
USER	Scenario Name	END	1617890773667
USER	Scenario Name	START	1617890773669
REQUEST		Init Request	1617890773343	1617890774011	OK	 
USER	Scenario Name	END	1617890774012
USER	Scenario Name	START	1617890774014
REQUEST		Init Request	1617890773373	1617890774023	OK	 
USER	Scenario Name	END	1617890774024
USER	Scenario Name	START	1617890774025
REQUEST		Init Request	1617890773670	1617890774391	OK	 
USER	Scenario Name	END	1617890774391
USER	Scenario Name	START	1617890774394
REQUEST		Init Request	1617890768336	1617890774632	OK	 
USER	Scenario Name	END	1617890774632
USER	Scenario Name	START	1617890774633
REQUEST		Init Request	1617890774027	1617890774705	OK	 
USER	Scenario Name	END	1617890774705
USER	Scenario Name	START	1617890774706
REQUEST		Init Request	1617890774017	1617890774706	OK	 
USER	Scenario Name	END	1617890774707
USER	Scenario Name	START	1617890774708
REQUEST		Init Request	1617890774395	1617890775043	OK	 
USER	Scenario Name	END	1617890775044
USER	Scenario Name	START	1617890775046
REQUEST		Init Request	1617890774634	1617890775276	OK	 
USER	Scenario Name	END	1617890775276
USER	Scenario Name	START	1617890775277
REQUEST		Init Request	1617890774707	1617890775347	OK	 
USER	Scenario Name	END	1617890775347
USER	Scenario Name	START	1617890775348
REQUEST		Init Request	1617890774709	1617890775352	OK	 
USER	Scenario Name	END	1617890775352
USER	Scenario Name	START	1617890775353
REQUEST		Init Request	1617890775047	1617890775704	OK	 
USER	Scenario Name	END	1617890775704
USER	Scenario Name	START	1617890775705
REQUEST		Init Request	1617890775279	1617890775945	OK	 
USER	Scenario Name	END	1617890775945
USER	Scenario Name	START	1617890775946
REQUEST		Init Request	1617890775349	1617890775997	OK	 
USER	Scenario Name	END	1617890775997
USER	Scenario Name	START	1617890775998
REQUEST		Init Request	1617890775354	1617890775999	OK	 
USER	Scenario Name	END	1617890776000
USER	Scenario Name	START	1617890776001
REQUEST		Init Request	1617890775706	1617890776359	OK	 
USER	Scenario Name	END	1617890776360
USER	Scenario Name	START	1617890776361
REQUEST		Init Request	1617890775948	1617890776606	OK	 
USER	Scenario Name	END	1617890776607
USER	Scenario Name	START	1617890776608
REQUEST		Init Request	1617890776002	1617890776654	OK	 
USER	Scenario Name	END	1617890776654
USER	Scenario Name	START	1617890776655
REQUEST		Init Request	1617890776000	1617890776669	OK	 
USER	Scenario Name	END	1617890776669
USER	Scenario Name	START	1617890776670
REQUEST		Init Request	1617890776610	1617890776793	OK	 
USER	Scenario Name	END	1617890776794
USER	Scenario Name	START	1617890776795
REQUEST		Init Request	1617890776657	1617890776843	OK	 
USER	Scenario Name	END	1617890776844
USER	Scenario Name	START	1617890776844
REQUEST		Init Request	1617890776672	1617890776853	OK	 
USER	Scenario Name	END	1617890776854
USER	Scenario Name	START	1617890776854
REQUEST		Init Request	1617890776796	1617890776977	OK	 
USER	Scenario Name	END	1617890776977
USER	Scenario Name	START	1617890776978
REQUEST		Init Request	1617890776361	1617890777008	OK	 
USER	Scenario Name	END	1617890777009
USER	Scenario Name	START	1617890777009
REQUEST		Init Request	1617890776845	1617890777027	OK	 
USER	Scenario Name	END	1617890777028
USER	Scenario Name	START	1617890777028
REQUEST		Init Request	1617890776858	1617890777038	OK	 
USER	Scenario Name	END	1617890777038
USER	Scenario Name	START	1617890777039
REQUEST		Init Request	1617890776979	1617890777161	OK	 
USER	Scenario Name	END	1617890777162
USER	Scenario Name	START	1617890777162
REQUEST		Init Request	1617890777029	1617890777211	OK	 
USER	Scenario Name	END	1617890777212
USER	Scenario Name	START	1617890777212
REQUEST		Init Request	1617890777040	1617890777222	OK	 
USER	Scenario Name	END	1617890777222
USER	Scenario Name	START	1617890777222
REQUEST		Init Request	1617890777010	1617890777226	OK	 
USER	Scenario Name	END	1617890777226
USER	Scenario Name	START	1617890777227
REQUEST		Init Request	1617890777163	1617890777344	OK	 
USER	Scenario Name	END	1617890777344
USER	Scenario Name	START	1617890777345
REQUEST		Init Request	1617890777214	1617890777398	OK	 
USER	Scenario Name	END	1617890777399
USER	Scenario Name	START	1617890777399
REQUEST		Init Request	1617890777223	1617890777400	OK	 
USER	Scenario Name	END	1617890777401
USER	Scenario Name	START	1617890777402
REQUEST		Init Request	1617890777228	1617890777408	OK	 
USER	Scenario Name	END	1617890777408
USER	Scenario Name	START	1617890777409
REQUEST		Init Request	1617890777346	1617890777524	OK	 
USER	Scenario Name	END	1617890777525
USER	Scenario Name	START	1617890777525
REQUEST		Init Request	1617890777401	1617890777582	OK	 
USER	Scenario Name	END	1617890777583
USER	Scenario Name	START	1617890777583
REQUEST		Init Request	1617890777402	1617890777591	OK	 
USER	Scenario Name	END	1617890777591
USER	Scenario Name	START	1617890777592
REQUEST		Init Request	1617890777409	1617890777596	OK	 
USER	Scenario Name	END	1617890777596
USER	Scenario Name	START	1617890777597
REQUEST		Init Request	1617890777527	1617890777711	OK	 
USER	Scenario Name	END	1617890777711
USER	Scenario Name	START	1617890777712
REQUEST		Init Request	1617890777592	1617890777765	OK	 
REQUEST		Init Request	1617890777584	1617890777765	OK	 
USER	Scenario Name	END	1617890777766
USER	Scenario Name	END	1617890777766
USER	Scenario Name	START	1617890777766
USER	Scenario Name	START	1617890777767
REQUEST		Init Request	1617890777597	1617890777775	OK	 
USER	Scenario Name	END	1617890777775
USER	Scenario Name	START	1617890777776
REQUEST		Init Request	1617890777713	1617890777903	OK	 
USER	Scenario Name	END	1617890777903
USER	Scenario Name	START	1617890777904
REQUEST		Init Request	1617890777767	1617890777944	OK	 
USER	Scenario Name	END	1617890777944
USER	Scenario Name	START	1617890777945
REQUEST		Init Request	1617890777767	1617890777945	OK	 
USER	Scenario Name	END	1617890777945
USER	Scenario Name	START	1617890777946
REQUEST		Init Request	1617890777777	1617890777967	OK	 
USER	Scenario Name	END	1617890777968
USER	Scenario Name	START	1617890777968
REQUEST		Init Request	1617890777905	1617890778092	OK	 
USER	Scenario Name	END	1617890778092
USER	Scenario Name	START	1617890778093
REQUEST		Init Request	1617890777946	1617890778127	OK	 
USER	Scenario Name	END	1617890778127
USER	Scenario Name	START	1617890778128
REQUEST		Init Request	1617890777946	1617890778128	OK	 
USER	Scenario Name	END	1617890778128
USER	Scenario Name	START	1617890778129
REQUEST		Init Request	1617890777969	1617890778150	OK	 
USER	Scenario Name	END	1617890778150
USER	Scenario Name	START	1617890778151
REQUEST		Init Request	1617890778128	1617890778310	OK	 
USER	Scenario Name	END	1617890778310
REQUEST		Init Request	1617890778130	1617890778310	OK	 
USER	Scenario Name	END	1617890778311
USER	Scenario Name	START	1617890778311
USER	Scenario Name	START	1617890778311
REQUEST		Init Request	1617890778094	1617890778350	OK	 
USER	Scenario Name	END	1617890778351
USER	Scenario Name	START	1617890778352
REQUEST		Init Request	1617890778152	1617890778368	OK	 
USER	Scenario Name	END	1617890778369
USER	Scenario Name	START	1617890778370
REQUEST		Init Request	1617890778312	1617890778491	OK	 
USER	Scenario Name	END	1617890778491
USER	Scenario Name	START	1617890778492
REQUEST		Init Request	1617890778312	1617890778507	OK	 
USER	Scenario Name	END	1617890778507
USER	Scenario Name	START	1617890778508
REQUEST		Init Request	1617890778353	1617890778535	OK	 
USER	Scenario Name	END	1617890778536
USER	Scenario Name	START	1617890778537
REQUEST		Init Request	1617890778370	1617890778551	OK	 
USER	Scenario Name	END	1617890778551
USER	Scenario Name	START	1617890778552
REQUEST		Init Request	1617890778493	1617890778674	OK	 
USER	Scenario Name	END	1617890778674
USER	Scenario Name	START	1617890778675
REQUEST		Init Request	1617890778509	1617890778696	OK	 
USER	Scenario Name	END	1617890778696
USER	Scenario Name	START	1617890778697
REQUEST		Init Request	1617890778538	1617890778717	OK	 
USER	Scenario Name	END	1617890778717
USER	Scenario Name	START	1617890778718
REQUEST		Init Request	1617890778553	1617890778728	OK	 
USER	Scenario Name	END	1617890778729
USER	Scenario Name	START	1617890778730
REQUEST		Init Request	1617890778676	1617890778866	OK	 
USER	Scenario Name	END	1617890778867
USER	Scenario Name	START	1617890778868
REQUEST		Init Request	1617890778697	1617890778884	OK	 
USER	Scenario Name	END	1617890778884
USER	Scenario Name	START	1617890778885
REQUEST		Init Request	1617890778719	1617890778900	OK	 
USER	Scenario Name	END	1617890778901
USER	Scenario Name	START	1617890778901
REQUEST		Init Request	1617890778731	1617890778910	OK	 
USER	Scenario Name	END	1617890778910
USER	Scenario Name	START	1617890778911
REQUEST		Init Request	1617890778869	1617890779051	OK	 
USER	Scenario Name	END	1617890779052
USER	Scenario Name	START	1617890779053
REQUEST		Init Request	1617890778902	1617890779076	OK	 
USER	Scenario Name	END	1617890779077
USER	Scenario Name	START	1617890779077
REQUEST		Init Request	1617890778886	1617890779082	OK	 
USER	Scenario Name	END	1617890779082
USER	Scenario Name	START	1617890779083
REQUEST		Init Request	1617890778912	1617890779090	OK	 
USER	Scenario Name	END	1617890779090
USER	Scenario Name	START	1617890779092
REQUEST		Init Request	1617890779054	1617890779240	OK	 
USER	Scenario Name	END	1617890779240
USER	Scenario Name	START	1617890779241
REQUEST		Init Request	1617890779078	1617890779255	OK	 
USER	Scenario Name	END	1617890779255
USER	Scenario Name	START	1617890779256
REQUEST		Init Request	1617890779085	1617890779263	OK	 
USER	Scenario Name	END	1617890779264
USER	Scenario Name	START	1617890779265
REQUEST		Init Request	1617890779093	1617890779276	OK	 
USER	Scenario Name	END	1617890779277
USER	Scenario Name	START	1617890779277
REQUEST		Init Request	1617890779241	1617890779421	OK	 
USER	Scenario Name	END	1617890779421
USER	Scenario Name	START	1617890779421
REQUEST		Init Request	1617890779257	1617890779437	OK	 
USER	Scenario Name	END	1617890779437
USER	Scenario Name	START	1617890779438
REQUEST		Init Request	1617890779266	1617890779451	OK	 
USER	Scenario Name	END	1617890779452
USER	Scenario Name	START	1617890779452
REQUEST		Init Request	1617890779278	1617890779456	OK	 
USER	Scenario Name	END	1617890779456
USER	Scenario Name	START	1617890779457
REQUEST		Init Request	1617890779422	1617890779601	OK	 
USER	Scenario Name	END	1617890779602
USER	Scenario Name	START	1617890779602
REQUEST		Init Request	1617890779439	1617890779622	OK	 
USER	Scenario Name	END	1617890779622
USER	Scenario Name	START	1617890779623
REQUEST		Init Request	1617890779453	1617890779635	OK	 
USER	Scenario Name	END	1617890779635
USER	Scenario Name	START	1617890779636
REQUEST		Init Request	1617890779458	1617890779650	OK	 
USER	Scenario Name	END	1617890779650
USER	Scenario Name	START	1617890779650
REQUEST		Init Request	1617890779603	1617890779786	OK	 
USER	Scenario Name	END	1617890779787
USER	Scenario Name	START	1617890779787
REQUEST		Init Request	1617890779623	1617890779805	OK	 
USER	Scenario Name	END	1617890779805
USER	Scenario Name	START	1617890779805
REQUEST		Init Request	1617890779636	1617890779814	OK	 
USER	Scenario Name	END	1617890779814
USER	Scenario Name	START	1617890779814
REQUEST		Init Request	1617890779651	1617890779839	OK	 
USER	Scenario Name	END	1617890779839
USER	Scenario Name	START	1617890779840
REQUEST		Init Request	1617890779788	1617890779967	OK	 
USER	Scenario Name	END	1617890779967
USER	Scenario Name	START	1617890779967
REQUEST		Init Request	1617890779806	1617890779989	OK	 
USER	Scenario Name	END	1617890779989
USER	Scenario Name	START	1617890779989
REQUEST		Init Request	1617890779841	1617890780019	OK	 
USER	Scenario Name	END	1617890780019
USER	Scenario Name	START	1617890780020
REQUEST		Init Request	1617890779815	1617890780132	OK	 
USER	Scenario Name	END	1617890780132
USER	Scenario Name	START	1617890780132
REQUEST		Init Request	1617890779968	1617890780165	OK	 
USER	Scenario Name	END	1617890780165
USER	Scenario Name	START	1617890780166
REQUEST		Init Request	1617890779990	1617890780180	OK	 
USER	Scenario Name	END	1617890780181
USER	Scenario Name	START	1617890780181
REQUEST		Init Request	1617890780021	1617890780201	OK	 
USER	Scenario Name	END	1617890780201
USER	Scenario Name	START	1617890780202
REQUEST		Init Request	1617890780133	1617890780315	OK	 
USER	Scenario Name	END	1617890780315
USER	Scenario Name	START	1617890780315
REQUEST		Init Request	1617890780167	1617890780350	OK	 
USER	Scenario Name	END	1617890780351
USER	Scenario Name	START	1617890780351
REQUEST		Init Request	1617890780182	1617890780362	OK	 
USER	Scenario Name	END	1617890780362
USER	Scenario Name	START	1617890780363
REQUEST		Init Request	1617890780203	1617890780378	OK	 
USER	Scenario Name	END	1617890780378
USER	Scenario Name	START	1617890780378
REQUEST		Init Request	1617890780316	1617890780494	OK	 
USER	Scenario Name	END	1617890780494
USER	Scenario Name	START	1617890780494
REQUEST		Init Request	1617890780364	1617890780549	OK	 
REQUEST		Init Request	1617890780352	1617890780549	OK	 
USER	Scenario Name	END	1617890780549
USER	Scenario Name	END	1617890780549
USER	Scenario Name	START	1617890780549
USER	Scenario Name	START	1617890780550
REQUEST		Init Request	1617890780379	1617890780555	OK	 
USER	Scenario Name	END	1617890780555
USER	Scenario Name	START	1617890780556
REQUEST		Init Request	1617890780495	1617890780672	OK	 
USER	Scenario Name	END	1617890780672
USER	Scenario Name	START	1617890780673
REQUEST		Init Request	1617890780551	1617890780732	OK	 
REQUEST		Init Request	1617890780550	1617890780732	OK	 
USER	Scenario Name	END	1617890780732
USER	Scenario Name	END	1617890780732
USER	Scenario Name	START	1617890780732
USER	Scenario Name	START	1617890780733
REQUEST		Init Request	1617890780557	1617890780735	OK	 
USER	Scenario Name	END	1617890780735
USER	Scenario Name	START	1617890780735
REQUEST		Init Request	1617890780673	1617890780864	OK	 
USER	Scenario Name	END	1617890780865
USER	Scenario Name	START	1617890780865
REQUEST		Init Request	1617890780733	1617890780912	OK	 
USER	Scenario Name	END	1617890780912
USER	Scenario Name	START	1617890780913
REQUEST		Init Request	1617890780733	1617890780913	OK	 
USER	Scenario Name	END	1617890780914
USER	Scenario Name	START	1617890780914
REQUEST		Init Request	1617890780736	1617890780922	OK	 
USER	Scenario Name	END	1617890780922
USER	Scenario Name	START	1617890780923
REQUEST		Init Request	1617890780866	1617890781042	OK	 
USER	Scenario Name	END	1617890781042
USER	Scenario Name	START	1617890781043
REQUEST		Init Request	1617890780915	1617890781094	OK	 
REQUEST		Init Request	1617890780914	1617890781094	OK	 
USER	Scenario Name	END	1617890781094
USER	Scenario Name	END	1617890781094
USER	Scenario Name	START	1617890781095
USER	Scenario Name	START	1617890781096
REQUEST		Init Request	1617890780924	1617890781101	OK	 
USER	Scenario Name	END	1617890781101
USER	Scenario Name	START	1617890781102
REQUEST		Init Request	1617890781044	1617890781223	OK	 
USER	Scenario Name	END	1617890781223
USER	Scenario Name	START	1617890781223
REQUEST		Init Request	1617890781097	1617890781274	OK	 
REQUEST		Init Request	1617890781096	1617890781274	OK	 
USER	Scenario Name	END	1617890781274
USER	Scenario Name	END	1617890781274
USER	Scenario Name	START	1617890781275
USER	Scenario Name	START	1617890781275
REQUEST		